<?xml version="1.0" encoding="UTF-8"?>
<testng-results skipped="0" failed="0" total="2" passed="2">
  <reporter-output>
  </reporter-output>
  <suite name="Default suite" duration-ms="14570" started-at="2014-03-06T16:08:43Z" finished-at="2014-03-06T16:08:57Z">
    <groups>
    </groups>
    <test name="Default test" duration-ms="14570" started-at="2014-03-06T16:08:43Z" finished-at="2014-03-06T16:08:57Z">
      <class name="Mine.TestSele">
        <test-method status="PASS" signature="TestMethod()[pri:0, instance:Mine.TestSele@1797eca]" name="TestMethod" duration-ms="7123" started-at="2014-03-06T21:38:43Z" finished-at="2014-03-06T21:38:50Z">
          <reporter-output>
          </reporter-output>
        </test-method> <!-- TestMethod -->
        <test-method status="PASS" signature="TestMethod2()[pri:0, instance:Mine.TestSele@1797eca]" name="TestMethod2" duration-ms="7434" started-at="2014-03-06T21:38:50Z" finished-at="2014-03-06T21:38:57Z">
          <reporter-output>
          </reporter-output>
        </test-method> <!-- TestMethod2 -->
      </class> <!-- Mine.TestSele -->
    </test> <!-- Default test -->
  </suite> <!-- Default suite -->
</testng-results>
